-------------------------------------------------------------------------------
Test set: com.epam.test.CalciTest
-------------------------------------------------------------------------------
Tests run: 2, Failures: 2, Errors: 0, Skipped: 0, Time elapsed: 0.016 sec <<< FAILURE!
com.epam.test.CalciTest.testMultiply()  Time elapsed: 0.014 sec  <<< FAILURE!
java.lang.NoClassDefFoundError: org/junit/Assert
	at com.epam.test.CalciTest.testMultiply(CalciTest.java:17)
Caused by: java.lang.ClassNotFoundException: org.junit.Assert
	at java.base/jdk.internal.loader.BuiltinClassLoader.loadClass(BuiltinClassLoader.java:606)
	at java.base/jdk.internal.loader.ClassLoaders$AppClassLoader.loadClass(ClassLoaders.java:168)
	at java.base/java.lang.ClassLoader.loadClass(ClassLoader.java:522)
	... 19 more

com.epam.test.CalciTest.testAdd()  Time elapsed: 0 sec  <<< FAILURE!
java.lang.NoClassDefFoundError: org/junit/Assert
	at com.epam.test.CalciTest.testAdd(CalciTest.java:14)

