<?xml version="1.0" encoding="UTF-8" ?>
<testsuite tests="2" failures="2" name="com.epam.test.CalciTest" time="0.014" errors="0" skipped="0">
  <properties>
[...]
</properties>
  <testcase classname="com.epam.test.CalciTest" name="com.epam.test.CalciTest.testMultiply" time="0.014">
    <failure message="org/junit/Assert" type="java.lang.NoClassDefFoundError">java.lang.NoClassDefFoundError: org/junit/Assert
	at com.epam.test.CalciTest.testMultiply(CalciTest.java:17)
Caused by: java.lang.ClassNotFoundException: org.junit.Assert
	at java.base/jdk.internal.loader.BuiltinClassLoader.loadClass(BuiltinClassLoader.java:606)
	at java.base/jdk.internal.loader.ClassLoaders$AppClassLoader.loadClass(ClassLoaders.java:168)
	at java.base/java.lang.ClassLoader.loadClass(ClassLoader.java:522)
	... 19 more
</failure>
    <system-out>Multiplication of 10 and 20 is 200
</system-out>
  </testcase>
  <testcase classname="com.epam.test.CalciTest" name="com.epam.test.CalciTest.testAdd" time="0">
    <failure message="org/junit/Assert" type="java.lang.NoClassDefFoundError">java.lang.NoClassDefFoundError: org/junit/Assert
	at com.epam.test.CalciTest.testAdd(CalciTest.java:14)
</failure>
    <system-out>Addition of 10 and 20 is 30
</system-out>
  </testcase>
</testsuite>